<?xml version="1.0" encoding="UTF-8"?>
<testsuite xmlns:xsi="http://www.w3.org/2001/XMLSchema-instance" xsi:noNamespaceSchemaLocation="https://maven.apache.org/surefire/maven-surefire-plugin/xsd/surefire-test-report.xsd" name="TestSuite" time="46.8" tests="1" errors="0" skipped="0" failures="1">
  <properties>
    <property name="sun.desktop" value="windows"/>
    <property name="awt.toolkit" value="sun.awt.windows.WToolkit"/>
    <property name="file.encoding.pkg" value="sun.io"/>
    <property name="java.specification.version" value="1.8"/>
    <property name="sun.cpu.isalist" value="amd64"/>
    <property name="sun.jnu.encoding" value="Cp1252"/>
    <property name="java.class.path" value="E:\Anil_Files\Project\CrmATF\target\test-classes;E:\Anil_Files\Project\CrmATF\target\classes;C:\Users\ANIL-LP\.m2\repository\junit\junit\3.8.1\junit-3.8.1.jar;C:\Users\ANIL-LP\.m2\repository\org\apache\poi\poi-ooxml\3.9\poi-ooxml-3.9.jar;C:\Users\ANIL-LP\.m2\repository\org\apache\poi\poi-ooxml-schemas\3.9\poi-ooxml-schemas-3.9.jar;C:\Users\ANIL-LP\.m2\repository\org\apache\xmlbeans\xmlbeans\2.3.0\xmlbeans-2.3.0.jar;C:\Users\ANIL-LP\.m2\repository\stax\stax-api\1.0.1\stax-api-1.0.1.jar;C:\Users\ANIL-LP\.m2\repository\dom4j\dom4j\1.6.1\dom4j-1.6.1.jar;C:\Users\ANIL-LP\.m2\repository\xml-apis\xml-apis\1.0.b2\xml-apis-1.0.b2.jar;C:\Users\ANIL-LP\.m2\repository\commons-io\commons-io\2.5\commons-io-2.5.jar;C:\Users\ANIL-LP\.m2\repository\org\apache\commons\commons-csv\1.5\commons-csv-1.5.jar;C:\Users\ANIL-LP\.m2\repository\log4j\log4j\1.2.17\log4j-1.2.17.jar;C:\Users\ANIL-LP\.m2\repository\mysql\mysql-connector-java\8.0.8-dmr\mysql-connector-java-8.0.8-dmr.jar;C:\Users\ANIL-LP\.m2\repository\org\testng\testng\6.14.2\testng-6.14.2.jar;C:\Users\ANIL-LP\.m2\repository\com\beust\jcommander\1.72\jcommander-1.72.jar;C:\Users\ANIL-LP\.m2\repository\org\apache-extras\beanshell\bsh\2.0b6\bsh-2.0b6.jar;C:\Users\ANIL-LP\.m2\repository\org\seleniumhq\selenium\selenium-java\3.10.0\selenium-java-3.10.0.jar;C:\Users\ANIL-LP\.m2\repository\org\seleniumhq\selenium\selenium-api\3.10.0\selenium-api-3.10.0.jar;C:\Users\ANIL-LP\.m2\repository\org\seleniumhq\selenium\selenium-chrome-driver\3.10.0\selenium-chrome-driver-3.10.0.jar;C:\Users\ANIL-LP\.m2\repository\org\seleniumhq\selenium\selenium-edge-driver\3.10.0\selenium-edge-driver-3.10.0.jar;C:\Users\ANIL-LP\.m2\repository\org\seleniumhq\selenium\selenium-firefox-driver\3.10.0\selenium-firefox-driver-3.10.0.jar;C:\Users\ANIL-LP\.m2\repository\org\seleniumhq\selenium\selenium-ie-driver\3.10.0\selenium-ie-driver-3.10.0.jar;C:\Users\ANIL-LP\.m2\repository\org\seleniumhq\selenium\selenium-opera-driver\3.10.0\selenium-opera-driver-3.10.0.jar;C:\Users\ANIL-LP\.m2\repository\org\seleniumhq\selenium\selenium-remote-driver\3.10.0\selenium-remote-driver-3.10.0.jar;C:\Users\ANIL-LP\.m2\repository\org\seleniumhq\selenium\selenium-safari-driver\3.10.0\selenium-safari-driver-3.10.0.jar;C:\Users\ANIL-LP\.m2\repository\org\seleniumhq\selenium\selenium-support\3.10.0\selenium-support-3.10.0.jar;C:\Users\ANIL-LP\.m2\repository\net\bytebuddy\byte-buddy\1.7.9\byte-buddy-1.7.9.jar;C:\Users\ANIL-LP\.m2\repository\org\apache\commons\commons-exec\1.3\commons-exec-1.3.jar;C:\Users\ANIL-LP\.m2\repository\commons-codec\commons-codec\1.10\commons-codec-1.10.jar;C:\Users\ANIL-LP\.m2\repository\commons-logging\commons-logging\1.2\commons-logging-1.2.jar;C:\Users\ANIL-LP\.m2\repository\com\google\code\gson\gson\2.8.2\gson-2.8.2.jar;C:\Users\ANIL-LP\.m2\repository\com\google\guava\guava\23.6-jre\guava-23.6-jre.jar;C:\Users\ANIL-LP\.m2\repository\com\google\code\findbugs\jsr305\1.3.9\jsr305-1.3.9.jar;C:\Users\ANIL-LP\.m2\repository\org\checkerframework\checker-compat-qual\2.0.0\checker-compat-qual-2.0.0.jar;C:\Users\ANIL-LP\.m2\repository\com\google\errorprone\error_prone_annotations\2.1.3\error_prone_annotations-2.1.3.jar;C:\Users\ANIL-LP\.m2\repository\com\google\j2objc\j2objc-annotations\1.1\j2objc-annotations-1.1.jar;C:\Users\ANIL-LP\.m2\repository\org\codehaus\mojo\animal-sniffer-annotations\1.14\animal-sniffer-annotations-1.14.jar;C:\Users\ANIL-LP\.m2\repository\org\apache\httpcomponents\httpclient\4.5.3\httpclient-4.5.3.jar;C:\Users\ANIL-LP\.m2\repository\org\apache\httpcomponents\httpcore\4.4.6\httpcore-4.4.6.jar;C:\Users\ANIL-LP\.m2\repository\com\squareup\okhttp3\okhttp\3.9.1\okhttp-3.9.1.jar;C:\Users\ANIL-LP\.m2\repository\com\squareup\okio\okio\1.13.0\okio-1.13.0.jar;C:\Users\ANIL-LP\.m2\repository\org\apache\poi\poi\3.17\poi-3.17.jar;C:\Users\ANIL-LP\.m2\repository\org\apache\commons\commons-collections4\4.1\commons-collections4-4.1.jar;C:\Users\ANIL-LP\.m2\repository\org\sikuli\sikuli-api\1.2.0\sikuli-api-1.2.0.jar;C:\Users\ANIL-LP\.m2\repository\org\slf4j\slf4j-api\1.6.6\slf4j-api-1.6.6.jar;C:\Users\ANIL-LP\.m2\repository\org\sikuli\sikuli-core\1.2.2\sikuli-core-1.2.2.jar;C:\Users\ANIL-LP\.m2\repository\org\bytedeco\javacpp\0.9\javacpp-0.9.jar;C:\Users\ANIL-LP\.m2\repository\org\bytedeco\javacpp-presets\opencv\2.4.9-0.9\opencv-2.4.9-0.9.jar;C:\Users\ANIL-LP\.m2\repository\org\piccolo2d\piccolo2d-extras\1.3.1\piccolo2d-extras-1.3.1.jar;C:\Users\ANIL-LP\.m2\repository\org\piccolo2d\piccolo2d-core\1.3.1\piccolo2d-core-1.3.1.jar;C:\Users\ANIL-LP\.m2\repository\com\sikulix\sikulix\1.1.999\sikulix-1.1.999.jar;C:\Users\ANIL-LP\.m2\repository\org\apache\maven\surefire\surefire-testng-utils\2.21.0\surefire-testng-utils-2.21.0.jar;C:\Users\ANIL-LP\.m2\repository\org\apache\maven\surefire\surefire-grouper\2.21.0\surefire-grouper-2.21.0.jar;"/>
    <property name="java.vm.vendor" value="Oracle Corporation"/>
    <property name="sun.arch.data.model" value="64"/>
    <property name="user.variant" value=""/>
    <property name="java.vendor.url" value="http://java.oracle.com/"/>
    <property name="user.timezone" value=""/>
    <property name="java.vm.specification.version" value="1.8"/>
    <property name="os.name" value="Windows 10"/>
    <property name="user.country" value="US"/>
    <property name="sun.java.launcher" value="SUN_STANDARD"/>
    <property name="sun.boot.library.path" value="C:\Program Files\Java\jdk1.8.0_121\jre\bin"/>
    <property name="sun.java.command" value="C:\Users\ANIL-LP\AppData\Local\Temp\surefire3810574336632971276\surefirebooter1853463859998556472.jar C:\Users\ANIL-LP\AppData\Local\Temp\surefire3810574336632971276 2018-04-05T23-15-13_798-jvmRun1 surefire6628635870861862689tmp surefire_05066287469873452300tmp"/>
    <property name="surefire.test.class.path" value="E:\Anil_Files\Project\CrmATF\target\test-classes;E:\Anil_Files\Project\CrmATF\target\classes;C:\Users\ANIL-LP\.m2\repository\junit\junit\3.8.1\junit-3.8.1.jar;C:\Users\ANIL-LP\.m2\repository\org\apache\poi\poi-ooxml\3.9\poi-ooxml-3.9.jar;C:\Users\ANIL-LP\.m2\repository\org\apache\poi\poi-ooxml-schemas\3.9\poi-ooxml-schemas-3.9.jar;C:\Users\ANIL-LP\.m2\repository\org\apache\xmlbeans\xmlbeans\2.3.0\xmlbeans-2.3.0.jar;C:\Users\ANIL-LP\.m2\repository\stax\stax-api\1.0.1\stax-api-1.0.1.jar;C:\Users\ANIL-LP\.m2\repository\dom4j\dom4j\1.6.1\dom4j-1.6.1.jar;C:\Users\ANIL-LP\.m2\repository\xml-apis\xml-apis\1.0.b2\xml-apis-1.0.b2.jar;C:\Users\ANIL-LP\.m2\repository\commons-io\commons-io\2.5\commons-io-2.5.jar;C:\Users\ANIL-LP\.m2\repository\org\apache\commons\commons-csv\1.5\commons-csv-1.5.jar;C:\Users\ANIL-LP\.m2\repository\log4j\log4j\1.2.17\log4j-1.2.17.jar;C:\Users\ANIL-LP\.m2\repository\mysql\mysql-connector-java\8.0.8-dmr\mysql-connector-java-8.0.8-dmr.jar;C:\Users\ANIL-LP\.m2\repository\org\testng\testng\6.14.2\testng-6.14.2.jar;C:\Users\ANIL-LP\.m2\repository\com\beust\jcommander\1.72\jcommander-1.72.jar;C:\Users\ANIL-LP\.m2\repository\org\apache-extras\beanshell\bsh\2.0b6\bsh-2.0b6.jar;C:\Users\ANIL-LP\.m2\repository\org\seleniumhq\selenium\selenium-java\3.10.0\selenium-java-3.10.0.jar;C:\Users\ANIL-LP\.m2\repository\org\seleniumhq\selenium\selenium-api\3.10.0\selenium-api-3.10.0.jar;C:\Users\ANIL-LP\.m2\repository\org\seleniumhq\selenium\selenium-chrome-driver\3.10.0\selenium-chrome-driver-3.10.0.jar;C:\Users\ANIL-LP\.m2\repository\org\seleniumhq\selenium\selenium-edge-driver\3.10.0\selenium-edge-driver-3.10.0.jar;C:\Users\ANIL-LP\.m2\repository\org\seleniumhq\selenium\selenium-firefox-driver\3.10.0\selenium-firefox-driver-3.10.0.jar;C:\Users\ANIL-LP\.m2\repository\org\seleniumhq\selenium\selenium-ie-driver\3.10.0\selenium-ie-driver-3.10.0.jar;C:\Users\ANIL-LP\.m2\repository\org\seleniumhq\selenium\selenium-opera-driver\3.10.0\selenium-opera-driver-3.10.0.jar;C:\Users\ANIL-LP\.m2\repository\org\seleniumhq\selenium\selenium-remote-driver\3.10.0\selenium-remote-driver-3.10.0.jar;C:\Users\ANIL-LP\.m2\repository\org\seleniumhq\selenium\selenium-safari-driver\3.10.0\selenium-safari-driver-3.10.0.jar;C:\Users\ANIL-LP\.m2\repository\org\seleniumhq\selenium\selenium-support\3.10.0\selenium-support-3.10.0.jar;C:\Users\ANIL-LP\.m2\repository\net\bytebuddy\byte-buddy\1.7.9\byte-buddy-1.7.9.jar;C:\Users\ANIL-LP\.m2\repository\org\apache\commons\commons-exec\1.3\commons-exec-1.3.jar;C:\Users\ANIL-LP\.m2\repository\commons-codec\commons-codec\1.10\commons-codec-1.10.jar;C:\Users\ANIL-LP\.m2\repository\commons-logging\commons-logging\1.2\commons-logging-1.2.jar;C:\Users\ANIL-LP\.m2\repository\com\google\code\gson\gson\2.8.2\gson-2.8.2.jar;C:\Users\ANIL-LP\.m2\repository\com\google\guava\guava\23.6-jre\guava-23.6-jre.jar;C:\Users\ANIL-LP\.m2\repository\com\google\code\findbugs\jsr305\1.3.9\jsr305-1.3.9.jar;C:\Users\ANIL-LP\.m2\repository\org\checkerframework\checker-compat-qual\2.0.0\checker-compat-qual-2.0.0.jar;C:\Users\ANIL-LP\.m2\repository\com\google\errorprone\error_prone_annotations\2.1.3\error_prone_annotations-2.1.3.jar;C:\Users\ANIL-LP\.m2\repository\com\google\j2objc\j2objc-annotations\1.1\j2objc-annotations-1.1.jar;C:\Users\ANIL-LP\.m2\repository\org\codehaus\mojo\animal-sniffer-annotations\1.14\animal-sniffer-annotations-1.14.jar;C:\Users\ANIL-LP\.m2\repository\org\apache\httpcomponents\httpclient\4.5.3\httpclient-4.5.3.jar;C:\Users\ANIL-LP\.m2\repository\org\apache\httpcomponents\httpcore\4.4.6\httpcore-4.4.6.jar;C:\Users\ANIL-LP\.m2\repository\com\squareup\okhttp3\okhttp\3.9.1\okhttp-3.9.1.jar;C:\Users\ANIL-LP\.m2\repository\com\squareup\okio\okio\1.13.0\okio-1.13.0.jar;C:\Users\ANIL-LP\.m2\repository\org\apache\poi\poi\3.17\poi-3.17.jar;C:\Users\ANIL-LP\.m2\repository\org\apache\commons\commons-collections4\4.1\commons-collections4-4.1.jar;C:\Users\ANIL-LP\.m2\repository\org\sikuli\sikuli-api\1.2.0\sikuli-api-1.2.0.jar;C:\Users\ANIL-LP\.m2\repository\org\slf4j\slf4j-api\1.6.6\slf4j-api-1.6.6.jar;C:\Users\ANIL-LP\.m2\repository\org\sikuli\sikuli-core\1.2.2\sikuli-core-1.2.2.jar;C:\Users\ANIL-LP\.m2\repository\org\bytedeco\javacpp\0.9\javacpp-0.9.jar;C:\Users\ANIL-LP\.m2\repository\org\bytedeco\javacpp-presets\opencv\2.4.9-0.9\opencv-2.4.9-0.9.jar;C:\Users\ANIL-LP\.m2\repository\org\piccolo2d\piccolo2d-extras\1.3.1\piccolo2d-extras-1.3.1.jar;C:\Users\ANIL-LP\.m2\repository\org\piccolo2d\piccolo2d-core\1.3.1\piccolo2d-core-1.3.1.jar;C:\Users\ANIL-LP\.m2\repository\com\sikulix\sikulix\1.1.999\sikulix-1.1.999.jar;C:\Users\ANIL-LP\.m2\repository\org\apache\maven\surefire\surefire-testng-utils\2.21.0\surefire-testng-utils-2.21.0.jar;C:\Users\ANIL-LP\.m2\repository\org\apache\maven\surefire\surefire-grouper\2.21.0\surefire-grouper-2.21.0.jar;"/>
    <property name="sun.cpu.endian" value="little"/>
    <property name="user.home" value="C:\Users\ANIL-LP"/>
    <property name="user.language" value="en"/>
    <property name="java.specification.vendor" value="Oracle Corporation"/>
    <property name="java.home" value="C:\Program Files\Java\jdk1.8.0_121\jre"/>
    <property name="basedir" value="E:\Anil_Files\Project\CrmATF"/>
    <property name="file.separator" value="\"/>
    <property name="line.separator" value="&#10;"/>
    <property name="java.vm.specification.vendor" value="Oracle Corporation"/>
    <property name="java.specification.name" value="Java Platform API Specification"/>
    <property name="java.awt.graphicsenv" value="sun.awt.Win32GraphicsEnvironment"/>
    <property name="surefire.real.class.path" value="C:\Users\ANIL-LP\AppData\Local\Temp\surefire3810574336632971276\surefirebooter1853463859998556472.jar"/>
    <property name="sun.boot.class.path" value="C:\Program Files\Java\jdk1.8.0_121\jre\lib\resources.jar;C:\Program Files\Java\jdk1.8.0_121\jre\lib\rt.jar;C:\Program Files\Java\jdk1.8.0_121\jre\lib\sunrsasign.jar;C:\Program Files\Java\jdk1.8.0_121\jre\lib\jsse.jar;C:\Program Files\Java\jdk1.8.0_121\jre\lib\jce.jar;C:\Program Files\Java\jdk1.8.0_121\jre\lib\charsets.jar;C:\Program Files\Java\jdk1.8.0_121\jre\lib\jfr.jar;C:\Program Files\Java\jdk1.8.0_121\jre\classes"/>
    <property name="user.script" value=""/>
    <property name="sun.management.compiler" value="HotSpot 64-Bit Tiered Compilers"/>
    <property name="java.runtime.version" value="1.8.0_121-b13"/>
    <property name="user.name" value="ASSASSIN"/>
    <property name="path.separator" value=";"/>
    <property name="os.version" value="10.0"/>
    <property name="java.endorsed.dirs" value="C:\Program Files\Java\jdk1.8.0_121\jre\lib\endorsed"/>
    <property name="java.runtime.name" value="Java(TM) SE Runtime Environment"/>
    <property name="file.encoding" value="Cp1252"/>
    <property name="java.vm.name" value="Java HotSpot(TM) 64-Bit Server VM"/>
    <property name="localRepository" value="C:\Users\ANIL-LP\.m2\repository"/>
    <property name="java.vendor.url.bug" value="http://bugreport.sun.com/bugreport/"/>
    <property name="java.io.tmpdir" value="C:\Users\ANIL-LP\AppData\Local\Temp\"/>
    <property name="java.version" value="1.8.0_121"/>
    <property name="user.dir" value="E:\Anil_Files\Project\CrmATF"/>
    <property name="os.arch" value="amd64"/>
    <property name="java.vm.specification.name" value="Java Virtual Machine Specification"/>
    <property name="java.awt.printerjob" value="sun.awt.windows.WPrinterJob"/>
    <property name="sun.os.patch.level" value=""/>
    <property name="java.library.path" value="C:\Program Files\Java\jdk1.8.0_121\jre\bin;C:\WINDOWS\Sun\Java\bin;C:\WINDOWS\system32;C:\WINDOWS;C:\ProgramData\Oracle\Java\javapath;C:\WINDOWS\system32;C:\WINDOWS;C:\WINDOWS\System32\Wbem;C:\WINDOWS\System32\WindowsPowerShell\v1.0\;C:\Program Files\Java\jdk1.8.0_121\bin;C:\Program Files\Java\apache-maven-3.5.2\bin;C:\Users\ANIL-LP\AppData\Roaming\Sikulix\libs;E:\Anil_Files\Selenium tools\Sikuli 1.12\64bit\libs;C:\Users\ANIL-LP\AppData\Local\Microsoft\WindowsApps;;."/>
    <property name="java.vm.info" value="mixed mode"/>
    <property name="java.vendor" value="Oracle Corporation"/>
    <property name="java.vm.version" value="25.121-b13"/>
    <property name="java.ext.dirs" value="C:\Program Files\Java\jdk1.8.0_121\jre\lib\ext;C:\WINDOWS\Sun\Java\lib\ext"/>
    <property name="sun.io.unicode.encoding" value="UnicodeLittle"/>
    <property name="java.class.version" value="52.0"/>
  </properties>
  <testcase name="createContactusingcsvfile" classname="com.crm.testscripts.AdminTest2" time="30.099">
    <failure message="lists don&apos;t have the same size expected [8] but found [16]" type="java.lang.AssertionError">java.lang.AssertionError: lists don't have the same size expected [8] but found [16]
	at com.crm.testscripts.AdminTest2.createContactusingcsvfile(AdminTest2.java:44)
</failure>
    <system-out><![CDATA[Test Started......
[log] CLICK on L(40,194)@S(0)[0,0 1366x768] (547 msec)
[log] CLICK on L(1331,118)@S(0)[0,0 1366x768] (538 msec)
[log] CLICK on L(1258,196)@S(0)[0,0 1366x768] (536 msec)
[log] CLICK on L(274,296)@S(0)[0,0 1366x768] (532 msec)
[log] CLICK on L(230,388)@S(0)[0,0 1366x768] (534 msec)
[log] CLICK on L(613,289)@S(0)[0,0 1366x768] (522 msec)
[log] DOUBLE CLICK on L(218,287)@S(0)[0,0 1366x768] (545 msec)
[log] CLICK on L(230,506)@S(0)[0,0 1366x768] (617 msec)
[kevin, owens]
[kevin, owens]
user1@mail.com
9573013283
This is new city : Hyderabad
[Miyapur, Hyderabad, Telangana, 500049, India]
Hi team
[kevin, owens, user1@mail.com, 9573013283, Miyapur, Hyderabad, Telangana, 500049, India, Hi team]
SELECT * FROM `contact`
This is from DB[kevin, owens, Miyapur, Hyderabad, Telangana, India, 500049, Hi team, kevin, owens, Miyapur, Hyderabad, Telangana, India, 500049, Hi team]
[kevin, owens]
[kevin, owens]
This is new city : Hyderabad
[Miyapur, Hyderabad, Telangana, India, 500049]
Hi team
[kevin, owens, Miyapur, Hyderabad, Telangana, India, 500049, Hi team]
This is from UI : [kevin, owens, Miyapur, Hyderabad, Telangana, India, 500049, Hi team]
Test  'createContactusingcsvfile' Failed
Priority of the method is0
]]></system-out>
    <system-err><![CDATA[Starting ChromeDriver 2.36.540470 (e522d04694c7ebea4ba8821272dbef4f9b818c91) on port 38934
Only local connections are allowed.
Apr 05, 2018 11:15:25 PM org.openqa.selenium.remote.ProtocolHandshake createSession
INFO: Detected dialect: OSS
java.lang.NullPointerException
	at com.crm.utils.CommonUtils.takeScreenShot(CommonUtils.java:489)
	at com.crm.utils.BaseListener.onTestFailure(BaseListener.java:26)
	at org.testng.internal.TestListenerHelper.runTestListeners(TestListenerHelper.java:67)
	at org.testng.internal.Invoker.runTestListeners(Invoker.java:1388)
	at org.testng.internal.Invoker.invokeMethod(Invoker.java:633)
	at org.testng.internal.Invoker.invokeTestMethod(Invoker.java:716)
	at org.testng.internal.Invoker.invokeTestMethods(Invoker.java:988)
	at org.testng.internal.TestMethodWorker.invokeTestMethods(TestMethodWorker.java:125)
	at org.testng.internal.TestMethodWorker.run(TestMethodWorker.java:109)
	at org.testng.TestRunner.privateRun(TestRunner.java:648)
	at org.testng.TestRunner.run(TestRunner.java:505)
	at org.testng.SuiteRunner.runTest(SuiteRunner.java:455)
	at org.testng.SuiteRunner.runSequentially(SuiteRunner.java:450)
	at org.testng.SuiteRunner.privateRun(SuiteRunner.java:415)
	at org.testng.SuiteRunner.run(SuiteRunner.java:364)
	at org.testng.SuiteRunnerWorker.runSuite(SuiteRunnerWorker.java:52)
	at org.testng.SuiteRunnerWorker.run(SuiteRunnerWorker.java:84)
	at org.testng.TestNG.runSuitesSequentially(TestNG.java:1208)
	at org.testng.TestNG.runSuitesLocally(TestNG.java:1137)
	at org.testng.TestNG.runSuites(TestNG.java:1049)
	at org.testng.TestNG.run(TestNG.java:1017)
	at org.apache.maven.surefire.testng.TestNGExecutor.run(TestNGExecutor.java:283)
	at org.apache.maven.surefire.testng.TestNGXmlTestSuite.execute(TestNGXmlTestSuite.java:75)
	at org.apache.maven.surefire.testng.TestNGProvider.invoke(TestNGProvider.java:120)
	at org.apache.maven.surefire.booter.ForkedBooter.invokeProviderInSameClassLoader(ForkedBooter.java:379)
	at org.apache.maven.surefire.booter.ForkedBooter.runSuitesInProcess(ForkedBooter.java:340)
	at org.apache.maven.surefire.booter.ForkedBooter.execute(ForkedBooter.java:125)
	at org.apache.maven.surefire.booter.ForkedBooter.main(ForkedBooter.java:413)
]]></system-err>
  </testcase>
</testsuite>